#-----------------------------------------------------------
# Webtalk v2018.3 (64-bit)
# SW Build 2405991 on Thu Dec  6 23:38:27 MST 2018
# 
# Start of session at: Sat Oct 29 14:57:19 2022
# Process ID: 5040
# Current directory: F:/0.zynq/PS_FPGA/5_AXI_GPIO/AXI_GPIO/AXI_GPIO.sdk/webtalk
# Command line: wbtcv.exe -mode batch -source sdk_webtalk.tcl
# Log file: F:/0.zynq/PS_FPGA/5_AXI_GPIO/AXI_GPIO/AXI_GPIO.sdk/webtalk/webtalk.log
# Journal file: F:/0.zynq/PS_FPGA/5_AXI_GPIO/AXI_GPIO/AXI_GPIO.sdk/webtalk\webtalk.jou
#-----------------------------------------------------------
source sdk_webtalk.tcl
# webtalk_init -webtalk_dir F:\\0.zynq\\PS_FPGA\\5_AXI_GPIO\\AXI_GPIO\\AXI_GPIO.sdk\\webtalk
# webtalk_register_client -client project
# webtalk_add_data -client project -key date_generated -value "2022-10-29 14:57:16" -context "software_version_and_target_device"
# webtalk_add_data -client project -key product_version -value "SDK v2018.3" -context "software_version_and_target_device"
# webtalk_add_data -client project -key build_version -value "2018.3" -context "software_version_and_target_device"
# webtalk_add_data -client project -key os_platform -value "amd64" -context "software_version_and_target_device"
# webtalk_add_data -client project -key registration_id -value "" -context "software_version_and_target_device"
# webtalk_add_data -client project -key tool_flow -value "SDK" -context "software_version_and_target_device"
# webtalk_add_data -client project -key beta -value "false" -context "software_version_and_target_device"
# webtalk_add_data -client project -key route_design -value "NA" -context "software_version_and_target_device"
# webtalk_add_data -client project -key target_family -value "NA" -context "software_version_and_target_device"
# webtalk_add_data -client project -key target_device -value "NA" -context "software_version_and_target_device"
# webtalk_add_data -client project -key target_package -value "NA" -context "software_version_and_target_device"
# webtalk_add_data -client project -key target_speed -value "NA" -context "software_version_and_target_device"
# webtalk_add_data -client project -key random_id -value "4rmvdqtb16lokklpp75iio0esm" -context "software_version_and_target_device"
# webtalk_add_data -client project -key project_id -value "2018.3_7" -context "software_version_and_target_device"
# webtalk_add_data -client project -key project_iteration -value "7" -context "software_version_and_target_device"
# webtalk_add_data -client project -key os_name -value "Microsoft Windows 8 or later , 64-bit" -context "user_environment"
# webtalk_add_data -client project -key os_release -value "major release  (build 9200)" -context "user_environment"
# webtalk_add_data -client project -key cpu_name -value "Intel(R) Core(TM) i7-7700HQ CPU @ 2.80GHz" -context "user_environment"
# webtalk_add_data -client project -key cpu_speed -value "2808 MHz" -context "user_environment"
# webtalk_add_data -client project -key total_processors -value "1" -context "user_environment"
# webtalk_add_data -client project -key system_ram -value "16.872 GB" -context "user_environment"
# webtalk_register_client -client sdk
# webtalk_add_data -client sdk -key uid -value "1667024256457" -context "sdk\\\\bsp/1667024256457"
# webtalk_add_data -client sdk -key hwid -value "1593323913676" -context "sdk\\\\bsp/1667024256457"
# webtalk_add_data -client sdk -key os -value "standalone" -context "sdk\\\\bsp/1667024256457"
# webtalk_add_data -client sdk -key apptemplate -value "null" -context "sdk\\\\bsp/1667024256457"
# webtalk_add_data -client sdk -key RecordType -value "BSPCreation" -context "sdk\\\\bsp/1667024256457"
# webtalk_add_data -client sdk -key uid -value "NA" -context "sdk\\\\bsp/1667026636040"
# webtalk_add_data -client sdk -key RecordType -value "ToolUsage" -context "sdk\\\\bsp/1667026636040"
# webtalk_add_data -client sdk -key BootgenCount -value "0" -context "sdk\\\\bsp/1667026636040"
# webtalk_add_data -client sdk -key DebugCount -value "12" -context "sdk\\\\bsp/1667026636040"
# webtalk_add_data -client sdk -key PerfCount -value "0" -context "sdk\\\\bsp/1667026636040"
# webtalk_add_data -client sdk -key FlashCount -value "0" -context "sdk\\\\bsp/1667026636040"
# webtalk_add_data -client sdk -key CrossTriggCount -value "0" -context "sdk\\\\bsp/1667026636040"
# webtalk_add_data -client sdk -key QemuDebugCount -value "0" -context "sdk\\\\bsp/1667026636040"
# webtalk_transmit -clientid 3932933627 -regid "" -xml F:\\0.zynq\\PS_FPGA\\5_AXI_GPIO\\AXI_GPIO\\AXI_GPIO.sdk\\webtalk\\usage_statistics_ext_sdk.xml -html F:\\0.zynq\\PS_FPGA\\5_AXI_GPIO\\AXI_GPIO\\AXI_GPIO.sdk\\webtalk\\usage_statistics_ext_sdk.html -wdm F:\\0.zynq\\PS_FPGA\\5_AXI_GPIO\\AXI_GPIO\\AXI_GPIO.sdk\\webtalk\\sdk_webtalk.wdm -intro "<H3>SDK Usage Report</H3><BR>"
# webtalk_terminate
INFO: [Common 17-206] Exiting Webtalk at Sat Oct 29 14:57:31 2022...
